<?xml version="1.0" encoding="UTF-8"?>
<!-- Generated by org.testng.reporters.JUnitXMLReporter -->
<testsuite hostname="INDHYDELP029" ignored="2" name="chrome" tests="2" failures="0" timestamp="04 May 2018 13:56:05 GMT" time="0.022" errors="0">
  <testcase name="@BeforeSuite GenTestNGReport" time="0.0" classname="com.maventest.mavens.frameworkCore.WebDriverWrapper">
    <failure type="org.testng.TestNGException" message="
Can inject only one of &amp;lt;ITestContext, XmlTest&amp;gt; into a BeforeSuite annotated GenTestNGReport.
For more information on native dependency injection please refer to http://testng.org/doc/documentation-main.html#native-dependency-injection">
      <![CDATA[org.testng.TestNGException: 
Can inject only one of <ITestContext, XmlTest> into a BeforeSuite annotated GenTestNGReport.
For more information on native dependency injection please refer to http://testng.org/doc/documentation-main.html#native-dependency-injection
	at org.testng.internal.Parameters.checkParameterTypes(Parameters.java:244)
	at org.testng.internal.Parameters.createParameters(Parameters.java:172)
	at org.testng.internal.Parameters.createParameters(Parameters.java:458)
	at org.testng.internal.Parameters.createConfigurationParameters(Parameters.java:118)
	at org.testng.internal.Invoker.invokeConfigurations(Invoker.java:206)
	at org.testng.internal.Invoker.invokeConfigurations(Invoker.java:146)
	at org.testng.SuiteRunner.privateRun(SuiteRunner.java:326)
	at org.testng.SuiteRunner.run(SuiteRunner.java:289)
	at org.testng.SuiteRunnerWorker.runSuite(SuiteRunnerWorker.java:52)
	at org.testng.SuiteRunnerWorker.run(SuiteRunnerWorker.java:86)
	at org.testng.TestNG.runSuitesSequentially(TestNG.java:1301)
	at org.testng.TestNG.runSuitesLocally(TestNG.java:1226)
	at org.testng.TestNG.runSuites(TestNG.java:1144)
	at org.testng.TestNG.run(TestNG.java:1115)
	at org.testng.remote.AbstractRemoteTestNG.run(AbstractRemoteTestNG.java:114)
	at org.testng.remote.RemoteTestNG.initAndRun(RemoteTestNG.java:251)
	at org.testng.remote.RemoteTestNG.main(RemoteTestNG.java:77)
]]>
    </failure>
  </testcase> <!-- @BeforeSuite GenTestNGReport -->
  <testcase name="testCase2" time="0.001" classname="com.maventest.mavens.TestCase2">
    <skipped/>
  </testcase> <!-- testCase2 -->
  <testcase name="testCase1" time="0.001" classname="com.maventest.mavens.TestCase1">
    <skipped/>
  </testcase> <!-- testCase1 -->
  <testcase name="testCase4" time="0.0" classname="com.maventest.mavens.TestCase4">
    <ignored/>
  </testcase> <!-- testCase4 -->
  <testcase name="setup" time="0.0" classname="com.maventest.mavens.CBT">
    <ignored/>
  </testcase> <!-- setup -->
</testsuite> <!-- chrome -->
