<?xml version="1.0" encoding="UTF-8"?>
<testng-results skipped="0" failed="1" ignored="0" total="1" passed="0">
  <reporter-output>
    <line>
      <![CDATA[Driver Launched]]>
    </line>
    <line>
      <![CDATA[Navigated tohttp://opensource.demo.orangehrmlive.com/]]>
    </line>
    <line>
      <![CDATA[UserName entered Admin]]>
    </line>
    <line>
      <![CDATA[Password entered admin]]>
    </line>
    <line>
      <![CDATA[submit button clicked]]>
    </line>
  </reporter-output>
  <suite name="Suite" duration-ms="10522" started-at="2018-04-23T10:18:33Z" finished-at="2018-04-23T10:18:43Z">
    <groups>
      <group name="sampleTest01">
        <method signature="AssertVsVerify1.testNG()[pri:0, instance:com.maventest.mavens.AssertVsVerify1@4e04a765]" name="testNG" class="com.maventest.mavens.AssertVsVerify1"/>
      </group> <!-- sampleTest01 -->
    </groups>
    <test name="Test" duration-ms="10522" started-at="2018-04-23T10:18:33Z" finished-at="2018-04-23T10:18:43Z">
      <class name="com.maventest.mavens.AssertVsVerify1">
        <test-method status="PASS" signature="GenReport(org.testng.ITestContext)[pri:0, instance:com.maventest.mavens.AssertVsVerify1@4e04a765]" name="GenReport" is-config="true" duration-ms="10" started-at="2018-04-23T15:48:33Z" finished-at="2018-04-23T15:48:33Z">
          <params>
            <param index="0">
              <value>
                <![CDATA[org.testng.TestRunner@50b5ac82]]>
              </value>
            </param>
          </params>
          <reporter-output>
          </reporter-output>
        </test-method> <!-- GenReport -->
        <test-method status="FAIL" signature="testNG()[pri:0, instance:com.maventest.mavens.AssertVsVerify1@4e04a765]" name="testNG" duration-ms="10500" started-at="2018-04-23T15:48:33Z" finished-at="2018-04-23T15:48:43Z">
          <exception class="java.lang.AssertionError">
            <message>
              <![CDATA[expected [Welcome Admin1] but found [Welcome Admin]]]>
            </message>
            <full-stacktrace>
              <![CDATA[java.lang.AssertionError: expected [Welcome Admin1] but found [Welcome Admin]
	at org.testng.Assert.fail(Assert.java:93)
	at org.testng.Assert.failNotEquals(Assert.java:512)
	at org.testng.Assert.assertEqualsImpl(Assert.java:134)
	at org.testng.Assert.assertEquals(Assert.java:115)
	at org.testng.Assert.assertEquals(Assert.java:189)
	at org.testng.Assert.assertEquals(Assert.java:199)
	at com.maventest.mavens.AssertVsVerify1.hardAssert(AssertVsVerify1.java:91)
	at com.maventest.mavens.AssertVsVerify1.testNG(AssertVsVerify1.java:62)
	at sun.reflect.NativeMethodAccessorImpl.invoke0(Native Method)
	at sun.reflect.NativeMethodAccessorImpl.invoke(Unknown Source)
	at sun.reflect.DelegatingMethodAccessorImpl.invoke(Unknown Source)
	at java.lang.reflect.Method.invoke(Unknown Source)
	at org.testng.internal.MethodInvocationHelper.invokeMethod(MethodInvocationHelper.java:108)
	at org.testng.internal.Invoker.invokeMethod(Invoker.java:661)
	at org.testng.internal.Invoker.invokeTestMethod(Invoker.java:869)
	at org.testng.internal.Invoker.invokeTestMethods(Invoker.java:1193)
	at org.testng.internal.TestMethodWorker.invokeTestMethods(TestMethodWorker.java:126)
	at org.testng.internal.TestMethodWorker.run(TestMethodWorker.java:109)
	at org.testng.TestRunner.privateRun(TestRunner.java:744)
	at org.testng.TestRunner.run(TestRunner.java:602)
	at org.testng.SuiteRunner.runTest(SuiteRunner.java:380)
	at org.testng.SuiteRunner.runSequentially(SuiteRunner.java:375)
	at org.testng.SuiteRunner.privateRun(SuiteRunner.java:340)
	at org.testng.SuiteRunner.run(SuiteRunner.java:289)
	at org.testng.SuiteRunnerWorker.runSuite(SuiteRunnerWorker.java:52)
	at org.testng.SuiteRunnerWorker.run(SuiteRunnerWorker.java:86)
	at org.testng.TestNG.runSuitesSequentially(TestNG.java:1301)
	at org.testng.TestNG.runSuitesLocally(TestNG.java:1226)
	at org.testng.TestNG.runSuites(TestNG.java:1144)
	at org.testng.TestNG.run(TestNG.java:1115)
	at org.apache.maven.surefire.testng.TestNGExecutor.run(TestNGExecutor.java:178)
	at org.apache.maven.surefire.testng.TestNGXmlTestSuite.execute(TestNGXmlTestSuite.java:92)
	at org.apache.maven.surefire.testng.TestNGProvider.invoke(TestNGProvider.java:96)
	at sun.reflect.NativeMethodAccessorImpl.invoke0(Native Method)
	at sun.reflect.NativeMethodAccessorImpl.invoke(Unknown Source)
	at sun.reflect.DelegatingMethodAccessorImpl.invoke(Unknown Source)
	at java.lang.reflect.Method.invoke(Unknown Source)
	at org.apache.maven.surefire.util.ReflectionUtils.invokeMethodWithArray2(ReflectionUtils.java:208)
	at org.apache.maven.surefire.booter.ProviderFactory$ProviderProxy.invoke(ProviderFactory.java:159)
	at org.apache.maven.surefire.booter.ProviderFactory.invokeProvider(ProviderFactory.java:87)
	at org.apache.maven.surefire.booter.ForkedBooter.runSuitesInProcess(ForkedBooter.java:153)
	at org.apache.maven.surefire.booter.ForkedBooter.main(ForkedBooter.java:95)
]]>
            </full-stacktrace>
          </exception> <!-- java.lang.AssertionError -->
          <reporter-output>
            <line>
              <![CDATA[Driver Launched]]>
            </line>
            <line>
              <![CDATA[Navigated tohttp://opensource.demo.orangehrmlive.com/]]>
            </line>
            <line>
              <![CDATA[UserName entered Admin]]>
            </line>
            <line>
              <![CDATA[Password entered admin]]>
            </line>
            <line>
              <![CDATA[submit button clicked]]>
            </line>
          </reporter-output>
        </test-method> <!-- testNG -->
      </class> <!-- com.maventest.mavens.AssertVsVerify1 -->
    </test> <!-- Test -->
  </suite> <!-- Suite -->
  <suite name="Suite (0)" duration-ms="0" started-at="2018-04-23T10:18:43Z" finished-at="2018-04-23T10:18:43Z">
    <groups>
    </groups>
    <test name="Chrome" duration-ms="0" started-at="2018-04-23T10:18:43Z" finished-at="2018-04-23T10:18:43Z">
    </test> <!-- Chrome -->
  </suite> <!-- Suite (0) -->
</testng-results>
