<!DOCTYPE html PUBLIC "-//W3C//DTD XHTML 1.1//EN" "http://www.w3.org/TR/xhtml11/DTD/xhtml11.dtd">
<html xmlns="http://www.w3.org/1999/xhtml"><head><title>TestNG Report</title><style type="text/css">table {margin-bottom:10px;border-collapse:collapse;empty-cells:show}th,td {border:1px solid #009;padding:.25em .5em}th {vertical-align:bottom}td {vertical-align:top}table a {font-weight:bold}.stripe td {background-color: #E6EBF9}.num {text-align:right}.passedodd td {background-color: #3F3}.passedeven td {background-color: #0A0}.skippedodd td {background-color: #DDD}.skippedeven td {background-color: #CCC}.failedodd td,.attn {background-color: #F33}.failedeven td,.stripe .attn {background-color: #D00}.stacktrace {white-space:pre;font-family:monospace}.totop {font-size:85%;text-align:center;border-bottom:2px solid #000}</style></head><body><table><tr><th>Test</th><th># Passed</th><th># Skipped</th><th># Failed</th><th>Time (ms)</th><th>Included Groups</th><th>Excluded Groups</th></tr><tr><th colspan="7">Suite</th></tr><tr><td><a href="#t0">chrome</a></td><td class="num">1</td><td class="num">0</td><td class="num attn">1</td><td class="num">16,404</td><td></td><td></td></tr></table><table id='summary'><thead><tr><th>Class</th><th>Method</th><th>Start</th><th>Time (ms)</th></tr></thead><tbody><tr><th colspan="4">Suite</th></tr></tbody><tbody id="t0"><tr><th colspan="4">chrome &#8212; failed</th></tr><tr class="failedeven"><td rowspan="1">com.maventest.mavens.TestCase2</td><td><a href="#m0">testCase2</a></td><td rowspan="1">1525865781817</td><td rowspan="1">16380</td></tr><tr><th colspan="4">chrome &#8212; passed</th></tr><tr class="passedeven"><td rowspan="1">com.maventest.mavens.TestCase1</td><td><a href="#m1">testCase1</a></td><td rowspan="1">1525865781818</td><td rowspan="1">15176</td></tr></tbody></table><h2>chrome</h2><h3 id="m0">com.maventest.mavens.TestCase2#testCase2</h3><table class="result"><tr class="param"><th>Parameter #1</th></tr><tr class="param stripe"><td>chrome</td></tr><tr><th>Messages</th></tr><tr><td><div class="messages"><B><Font Color = "black">Driver Launched :null </Font></B><br/>Navigated tohttp://opensource.demo.orangehrmlive.com/<br/><B><Font Color = "black">UserName entered ::Admin </Font></B><br/><B><Font Color = "black">Password entered ::admin </Font></B><br/><B><Font Color = "black">Submit buttin Clicked </Font></B><br/>Fetched text: Admin's organization of organization name<br/>-----------------------------------------------------------------------------------------------------------<br/><B><Font Color = "red">3.  Actual= Admin's organization;  Expected= OrangeHRM (Pvt) Ltd ; FAILED </Font></B><br/><B>TestCase Failed Due to:::java.lang.AssertionError: expected [OrangeHRM (Pvt) Ltd] but found [Admin's organization]</B><br/><br> <a target = "_blank" href="C:\Tosca\ScreenShot\OrangeHRM05_06_35PM09_May_2018.png"><img src="C:\Tosca\ScreenShot\OrangeHRM05_06_35PM09_May_2018.png" alt="ScreenShot Not Available" height="400" width="400"> </a><br/>Fetched text:  of organization tax ID<br/>-----------------------------------------------------------------------------------------------------------<br/><B><Font Color = "red">4.  Actual= ;  Expected= 123456 ; FAILED </Font></B><br/><B>TestCase Failed Due to:::java.lang.AssertionError: expected [123456] but found []</B><br/><br> <a target = "_blank" href="C:\Tosca\ScreenShot\OrangeHRM05_06_35PM09_May_2018.png"><img src="C:\Tosca\ScreenShot\OrangeHRM05_06_35PM09_May_2018.png" alt="ScreenShot Not Available" height="400" width="400"> </a><br/>-----------------------------------------------------------------------------------------------------------<br/><B><Font Color = "red">5.  Actual= ;  Expected= 32 ; FAILED </Font></B><br/><B>TestCase Failed Due to:::java.lang.AssertionError: expected [32] but found []</B><br/><br> <a target = "_blank" href="C:\Tosca\ScreenShot\OrangeHRM05_06_36PM09_May_2018.png"><img src="C:\Tosca\ScreenShot\OrangeHRM05_06_36PM09_May_2018.png" alt="ScreenShot Not Available" height="400" width="400"> </a><br/>Fetched text: A23456 of organization registration number<br/>-----------------------------------------------------------------------------------------------------------<br/><B><Font Color = "green">6.  Actual= A23456;  Expected= A23456 ; PASSED </Font></B><br/>Fetched text: info@admin.com of organization email<br/>-----------------------------------------------------------------------------------------------------------<br/><B><Font Color = "red">7.  Actual= info@admin.com;  Expected= info@orangehrm.com ; FAILED </Font></B><br/><B>TestCase Failed Due to:::java.lang.AssertionError: expected [info@orangehrm.com] but found [info@admin.com]</B><br/><br> <a target = "_blank" href="C:\Tosca\ScreenShot\OrangeHRM05_06_36PM09_May_2018.png"><img src="C:\Tosca\ScreenShot\OrangeHRM05_06_36PM09_May_2018.png" alt="ScreenShot Not Available" height="400" width="400"> </a><br/>Fetched text: Cankarjeva 2 of organization Address<br/>-----------------------------------------------------------------------------------------------------------<br/><B><Font Color = "red">8.  Actual= Cankarjeva 2;  Expected= 538 Teal Plaza ; FAILED </Font></B><br/><B>TestCase Failed Due to:::java.lang.AssertionError: expected [538 Teal Plaza] but found [Cankarjeva 2]</B><br/><br> <a target = "_blank" href="C:\Tosca\ScreenShot\OrangeHRM05_06_37PM09_May_2018.png"><img src="C:\Tosca\ScreenShot\OrangeHRM05_06_37PM09_May_2018.png" alt="ScreenShot Not Available" height="400" width="400"> </a><br/>Fetched text: Novo Mesto of organization city<br/>-----------------------------------------------------------------------------------------------------------<br/><B><Font Color = "red">9.  Actual= Novo Mesto;  Expected= Secaucus ; FAILED </Font></B><br/><B>TestCase Failed Due to:::java.lang.AssertionError: expected [Secaucus] but found [Novo Mesto]</B><br/><br> <a target = "_blank" href="C:\Tosca\ScreenShot\OrangeHRM05_06_37PM09_May_2018.png"><img src="C:\Tosca\ScreenShot\OrangeHRM05_06_37PM09_May_2018.png" alt="ScreenShot Not Available" height="400" width="400"> </a><br/>Fetched text: US of organization country<br/>-----------------------------------------------------------------------------------------------------------<br/><B><Font Color = "red">10.  Actual= US;  Expected= United states ; FAILED </Font></B><br/><B>TestCase Failed Due to:::java.lang.AssertionError: expected [United states] but found [US]</B><br/><br> <a target = "_blank" href="C:\Tosca\ScreenShot\OrangeHRM05_06_38PM09_May_2018.png"><img src="C:\Tosca\ScreenShot\OrangeHRM05_06_38PM09_May_2018.png" alt="ScreenShot Not Available" height="400" width="400"> </a><br/><B><Font Color = "black">TestCase Executed Successfully </Font></B></div></td></tr><tr><th>Exception</th></tr><tr><td><div class="stacktrace">org.openqa.selenium.NoSuchSessionException: no such session
  (Driver info: chromedriver=2.36.540470 (e522d04694c7ebea4ba8821272dbef4f9b818c91),platform=Windows NT 10.0.14393 x86_64) (WARNING: The server did not provide any stacktrace information)
Command duration or timeout: 0 milliseconds
Build info: version: &apos;3.11.0&apos;, revision: &apos;e59cfb3&apos;, time: &apos;2018-03-11T20:26:55.152Z&apos;
System info: host: &apos;INDHYDELP029&apos;, ip: &apos;192.168.43.245&apos;, os.name: &apos;Windows 10&apos;, os.arch: &apos;amd64&apos;, os.version: &apos;10.0&apos;, java.version: &apos;1.8.0_171&apos;
Driver info: org.openqa.selenium.remote.RemoteWebDriver
Capabilities {acceptInsecureCerts: false, acceptSslCerts: false, applicationCacheEnabled: false, browserConnectionEnabled: false, browserName: chrome, chrome: {chromedriverVersion: 2.36.540470 (e522d04694c7eb..., userDataDir: C:\Users\pankajs\AppData\Lo...}, cssSelectorsEnabled: true, databaseEnabled: false, handlesAlerts: true, hasTouchScreen: false, javascriptEnabled: true, locationContextEnabled: true, mobileEmulationEnabled: false, nativeEvents: true, networkConnectionEnabled: false, pageLoadStrategy: normal, platform: XP, platformName: XP, rotatable: false, setWindowRect: true, takesHeapSnapshot: true, takesScreenshot: true, unexpectedAlertBehaviour: , unhandledPromptBehavior: , version: 66.0.3359.139, webStorageEnabled: true, webdriver.remote.sessionid: 540da5b14e3e14a29dd41a2a673...}
Session ID: 540da5b14e3e14a29dd41a2a6738d409
	at sun.reflect.NativeConstructorAccessorImpl.newInstance0(Native Method)
	at sun.reflect.NativeConstructorAccessorImpl.newInstance(Unknown Source)
	at sun.reflect.DelegatingConstructorAccessorImpl.newInstance(Unknown Source)
	at java.lang.reflect.Constructor.newInstance(Unknown Source)
	at org.openqa.selenium.remote.ErrorHandler.createThrowable(ErrorHandler.java:214)
	at org.openqa.selenium.remote.ErrorHandler.throwIfResponseFailed(ErrorHandler.java:166)
	at org.openqa.selenium.remote.http.JsonHttpResponseCodec.reconstructValue(JsonHttpResponseCodec.java:40)
	at org.openqa.selenium.remote.http.AbstractHttpResponseCodec.decode(AbstractHttpResponseCodec.java:80)
	at org.openqa.selenium.remote.http.AbstractHttpResponseCodec.decode(AbstractHttpResponseCodec.java:44)
	at org.openqa.selenium.remote.HttpCommandExecutor.execute(HttpCommandExecutor.java:158)
	at org.openqa.selenium.remote.RemoteWebDriver.execute(RemoteWebDriver.java:545)
	at org.openqa.selenium.remote.RemoteWebDriver.execute(RemoteWebDriver.java:602)
	at org.openqa.selenium.remote.RemoteWebDriver.close(RemoteWebDriver.java:435)
	at com.maventest.mavens.TestCase2.exitApplication(TestCase2.java:140)
	at com.maventest.mavens.TestCase2.testCase2(TestCase2.java:77)
	at sun.reflect.NativeMethodAccessorImpl.invoke0(Native Method)
	at sun.reflect.NativeMethodAccessorImpl.invoke(Unknown Source)
	at sun.reflect.DelegatingMethodAccessorImpl.invoke(Unknown Source)
	at java.lang.reflect.Method.invoke(Unknown Source)
	at org.testng.internal.MethodInvocationHelper.invokeMethod(MethodInvocationHelper.java:108)
	at org.testng.internal.Invoker.invokeMethod(Invoker.java:661)
	at org.testng.internal.Invoker.invokeTestMethod(Invoker.java:869)
	at org.testng.internal.Invoker.invokeTestMethods(Invoker.java:1193)
	at org.testng.internal.TestMethodWorker.invokeTestMethods(TestMethodWorker.java:126)
	at org.testng.internal.TestMethodWorker.run(TestMethodWorker.java:109)
	at java.util.concurrent.ThreadPoolExecutor.runWorker(Unknown Source)
	at java.util.concurrent.ThreadPoolExecutor$Worker.run(Unknown Source)
	at java.lang.Thread.run(Unknown Source)
</div></td></tr></table><p class="totop"><a href="#summary">back to summary</a></p><h3 id="m1">com.maventest.mavens.TestCase1#testCase1</h3><table class="result"><tr class="param"><th>Parameter #1</th></tr><tr class="param stripe"><td>chrome</td></tr><tr><th>Messages</th></tr><tr><td><div class="messages"><B><Font Color = "black">Driver Launched :chrome </Font></B><br/>Navigated tohttp://opensource.demo.orangehrmlive.com/<br/><B><Font Color = "black">UserName entered ::Admin </Font></B><br/><B><Font Color = "black">Password entered ::admin </Font></B><br/><B><Font Color = "black">Submit buttin Clicked </Font></B><br/>-----------------------------------------------------------------------------------------------------------<br/><B><Font Color = "green">1.  Actual= Welcome Admin;  Expected= Welcome Admin ; PASSED </Font></B><br/>-----------------------------------------------------------------------------------------------------------<br/><B><Font Color = "red">2.  Actual= OrangeHRM1;  Expected= OrangeHRM ; FAILED </Font></B><br/><B>TestCase Failed Due to:::java.lang.AssertionError: expected [OrangeHRM] but found [OrangeHRM1]</B><br/><br> <a target = "_blank" href="C:\Tosca\ScreenShot\OrangeHRM05_06_34PM09_May_2018.png"><img src="C:\Tosca\ScreenShot\OrangeHRM05_06_34PM09_May_2018.png" alt="ScreenShot Not Available" height="400" width="400"> </a><br/><B><Font Color = "black">TestCase Executed Successfully </Font></B></div></td></tr></table><p class="totop"><a href="#summary">back to summary</a></p></body></html>