<!DOCTYPE html>

<html>
  <head>
  <meta charset='utf-8'>
  <title>TestNG reports</title>

    <link type="text/css" href="testng-reports.css" rel="stylesheet" />
    <script type="text/javascript" src="jquery-1.7.1.min.js"></script>
    <script type="text/javascript" src="testng-reports.js"></script>
    <script type="text/javascript" src="https://www.google.com/jsapi"></script>
    <script type='text/javascript'>
      google.load('visualization', '1', {packages:['table']});
      google.setOnLoadCallback(drawTable);
      var suiteTableInitFunctions = new Array();
      var suiteTableData = new Array();
    </script>
    <!--
      <script type="text/javascript" src="jquery-ui/js/jquery-ui-1.8.16.custom.min.js"></script>
     -->
  </head>

  <body>
    <div class="top-banner-root">
      <span class="top-banner-title-font">Test results</span>
      <br/>
      <span class="top-banner-font-1">1 suite, 1 failed test</span>
    </div> <!-- top-banner-root -->
    <div class="navigator-root">
      <div class="navigator-suite-header">
        <span>All suites</span>
        <a href="#" class="collapse-all-link" title="Collapse/expand all the suites">
          <img class="collapse-all-icon" src="collapseall.gif">
          </img> <!-- collapse-all-icon -->
        </a> <!-- collapse-all-link -->
      </div> <!-- navigator-suite-header -->
      <div class="suite">
        <div class="rounded-window">
          <div class="suite-header light-rounded-window-top">
            <a href="#" class="navigator-link" panel-name="suite-Suite">
              <span class="suite-name border-failed">Suite</span>
            </a> <!-- navigator-link -->
          </div> <!-- suite-header light-rounded-window-top -->
          <div class="navigator-suite-content">
            <div class="suite-section-title">
              <span>Info</span>
            </div> <!-- suite-section-title -->
            <div class="suite-section-content">
              <ul>
                <li>
                  <a href="#" class="navigator-link " panel-name="test-xml-Suite">
                    <span>C:\Repo-1\testngBenShell.xml</span>
                  </a> <!-- navigator-link  -->
                </li>
                <li>
                  <a href="#" class="navigator-link " panel-name="testlist-Suite">
                    <span class="test-stats">1 test</span>
                  </a> <!-- navigator-link  -->
                </li>
                <li>
                  <a href="#" class="navigator-link " panel-name="group-Suite">
                    <span>1 group</span>
                  </a> <!-- navigator-link  -->
                </li>
                <li>
                  <a href="#" class="navigator-link " panel-name="times-Suite">
                    <span>Times</span>
                  </a> <!-- navigator-link  -->
                </li>
                <li>
                  <a href="#" class="navigator-link " panel-name="reporter-Suite">
                    <span>Reporter output</span>
                  </a> <!-- navigator-link  -->
                </li>
                <li>
                  <a href="#" class="navigator-link " panel-name="ignored-methods-Suite">
                    <span>Ignored methods</span>
                  </a> <!-- navigator-link  -->
                </li>
                <li>
                  <a href="#" class="navigator-link " panel-name="chronological-Suite">
                    <span>Chronological view</span>
                  </a> <!-- navigator-link  -->
                </li>
              </ul>
            </div> <!-- suite-section-content -->
            <div class="result-section">
              <div class="suite-section-title">
                <span>Results</span>
              </div> <!-- suite-section-title -->
              <div class="suite-section-content">
                <ul>
                  <li>
                    <span class="method-stats">2 methods, 1 failed,   1 passed</span>
                  </li>
                  <li>
                    <span class="method-list-title failed">Failed methods</span>
                    <span class="show-or-hide-methods failed">
                      <a href="#" panel-name="suite-Suite" class="hide-methods failed suite-Suite"> (hide)</a> <!-- hide-methods failed suite-Suite -->
                      <a href="#" panel-name="suite-Suite" class="show-methods failed suite-Suite"> (show)</a> <!-- show-methods failed suite-Suite -->
                    </span>
                    <div class="method-list-content failed suite-Suite">
                      <span>
                        <img width="3%" src="failed.png"/>
                        <a href="#" class="method navigator-link" panel-name="suite-Suite" title="com.maventest.mavens.TestCase2" hash-for-method="testCase2(chrome)">testCase2(chrome)</a> <!-- method navigator-link -->
                      </span>
                      <br/>
                    </div> <!-- method-list-content failed suite-Suite -->
                  </li>
                  <li>
                    <span class="method-list-title passed">Passed methods</span>
                    <span class="show-or-hide-methods passed">
                      <a href="#" panel-name="suite-Suite" class="hide-methods passed suite-Suite"> (hide)</a> <!-- hide-methods passed suite-Suite -->
                      <a href="#" panel-name="suite-Suite" class="show-methods passed suite-Suite"> (show)</a> <!-- show-methods passed suite-Suite -->
                    </span>
                    <div class="method-list-content passed suite-Suite">
                      <span>
                        <img width="3%" src="passed.png"/>
                        <a href="#" class="method navigator-link" panel-name="suite-Suite" title="com.maventest.mavens.TestCase1" hash-for-method="testCase1(chrome)">testCase1(chrome)</a> <!-- method navigator-link -->
                      </span>
                      <br/>
                    </div> <!-- method-list-content passed suite-Suite -->
                  </li>
                </ul>
              </div> <!-- suite-section-content -->
            </div> <!-- result-section -->
          </div> <!-- navigator-suite-content -->
        </div> <!-- rounded-window -->
      </div> <!-- suite -->
    </div> <!-- navigator-root -->
    <div class="wrapper">
      <div class="main-panel-root">
        <div panel-name="suite-Suite" class="panel Suite">
          <div class="suite-Suite-class-failed">
            <div class="main-panel-header rounded-window-top">
              <img src="failed.png"/>
              <span class="class-name">com.maventest.mavens.TestCase2</span>
            </div> <!-- main-panel-header rounded-window-top -->
            <div class="main-panel-content rounded-window-bottom">
              <div class="method">
                <div class="method-content">
                  <a name="testCase2(chrome)">
                  </a> <!-- testCase2(chrome) -->
                  <span class="method-name">testCase2</span>
                  <span class="parameters">(chrome)</span>
                  <div class="stack-trace">org.openqa.selenium.NoSuchSessionException: no such session
  (Driver info: chromedriver=2.36.540470 (e522d04694c7ebea4ba8821272dbef4f9b818c91),platform=Windows NT 10.0.14393 x86_64) (WARNING: The server did not provide any stacktrace information)
Command duration or timeout: 0 milliseconds
Build info: version: &apos;3.11.0&apos;, revision: &apos;e59cfb3&apos;, time: &apos;2018-03-11T20:26:55.152Z&apos;
System info: host: &apos;INDHYDELP029&apos;, ip: &apos;192.168.43.245&apos;, os.name: &apos;Windows 10&apos;, os.arch: &apos;amd64&apos;, os.version: &apos;10.0&apos;, java.version: &apos;1.8.0_171&apos;
Driver info: org.openqa.selenium.remote.RemoteWebDriver
Capabilities {acceptInsecureCerts: false, acceptSslCerts: false, applicationCacheEnabled: false, browserConnectionEnabled: false, browserName: chrome, chrome: {chromedriverVersion: 2.36.540470 (e522d04694c7eb..., userDataDir: C:\Users\pankajs\AppData\Lo...}, cssSelectorsEnabled: true, databaseEnabled: false, handlesAlerts: true, hasTouchScreen: false, javascriptEnabled: true, locationContextEnabled: true, mobileEmulationEnabled: false, nativeEvents: true, networkConnectionEnabled: false, pageLoadStrategy: normal, platform: XP, platformName: XP, rotatable: false, setWindowRect: true, takesHeapSnapshot: true, takesScreenshot: true, unexpectedAlertBehaviour: , unhandledPromptBehavior: , version: 66.0.3359.139, webStorageEnabled: true, webdriver.remote.sessionid: 540da5b14e3e14a29dd41a2a673...}
Session ID: 540da5b14e3e14a29dd41a2a6738d409
	at sun.reflect.NativeConstructorAccessorImpl.newInstance0(Native Method)
	at sun.reflect.NativeConstructorAccessorImpl.newInstance(Unknown Source)
	at sun.reflect.DelegatingConstructorAccessorImpl.newInstance(Unknown Source)
	at java.lang.reflect.Constructor.newInstance(Unknown Source)
	at org.openqa.selenium.remote.ErrorHandler.createThrowable(ErrorHandler.java:214)
	at org.openqa.selenium.remote.ErrorHandler.throwIfResponseFailed(ErrorHandler.java:166)
	at org.openqa.selenium.remote.http.JsonHttpResponseCodec.reconstructValue(JsonHttpResponseCodec.java:40)
	at org.openqa.selenium.remote.http.AbstractHttpResponseCodec.decode(AbstractHttpResponseCodec.java:80)
	at org.openqa.selenium.remote.http.AbstractHttpResponseCodec.decode(AbstractHttpResponseCodec.java:44)
	at org.openqa.selenium.remote.HttpCommandExecutor.execute(HttpCommandExecutor.java:158)
	at org.openqa.selenium.remote.RemoteWebDriver.execute(RemoteWebDriver.java:545)
	at org.openqa.selenium.remote.RemoteWebDriver.execute(RemoteWebDriver.java:602)
	at org.openqa.selenium.remote.RemoteWebDriver.close(RemoteWebDriver.java:435)
	at com.maventest.mavens.TestCase2.exitApplication(TestCase2.java:140)
	at com.maventest.mavens.TestCase2.testCase2(TestCase2.java:77)
	at sun.reflect.NativeMethodAccessorImpl.invoke0(Native Method)
	at sun.reflect.NativeMethodAccessorImpl.invoke(Unknown Source)
	at sun.reflect.DelegatingMethodAccessorImpl.invoke(Unknown Source)
	at java.lang.reflect.Method.invoke(Unknown Source)
	at org.testng.internal.MethodInvocationHelper.invokeMethod(MethodInvocationHelper.java:108)
	at org.testng.internal.Invoker.invokeMethod(Invoker.java:661)
	at org.testng.internal.Invoker.invokeTestMethod(Invoker.java:869)
	at org.testng.internal.Invoker.invokeTestMethods(Invoker.java:1193)
	at org.testng.internal.TestMethodWorker.invokeTestMethods(TestMethodWorker.java:126)
	at org.testng.internal.TestMethodWorker.run(TestMethodWorker.java:109)
	at java.util.concurrent.ThreadPoolExecutor.runWorker(Unknown Source)
	at java.util.concurrent.ThreadPoolExecutor$Worker.run(Unknown Source)
	at java.lang.Thread.run(Unknown Source)

</div> <!-- stack-trace -->
                </div> <!-- method-content -->
              </div> <!-- method -->
            </div> <!-- main-panel-content rounded-window-bottom -->
          </div> <!-- suite-Suite-class-failed -->
          <div class="suite-Suite-class-passed">
            <div class="main-panel-header rounded-window-top">
              <img src="passed.png"/>
              <span class="class-name">com.maventest.mavens.TestCase1</span>
            </div> <!-- main-panel-header rounded-window-top -->
            <div class="main-panel-content rounded-window-bottom">
              <div class="method">
                <div class="method-content">
                  <a name="testCase1(chrome)">
                  </a> <!-- testCase1(chrome) -->
                  <span class="method-name">testCase1</span>
                  <span class="parameters">(chrome)</span>
                </div> <!-- method-content -->
              </div> <!-- method -->
            </div> <!-- main-panel-content rounded-window-bottom -->
          </div> <!-- suite-Suite-class-passed -->
        </div> <!-- panel Suite -->
        <div panel-name="test-xml-Suite" class="panel">
          <div class="main-panel-header rounded-window-top">
            <span class="header-content">C:\Repo-1\testngBenShell.xml</span>
          </div> <!-- main-panel-header rounded-window-top -->
          <div class="main-panel-content rounded-window-bottom">
            <pre>
&lt;?xml version=&quot;1.0&quot; encoding=&quot;UTF-8&quot;?&gt;
&lt;!DOCTYPE suite SYSTEM &quot;http://testng.org/testng-1.0.dtd&quot;&gt;
&lt;suite name=&quot;Suite&quot; parallel=&quot;tests&quot;&gt;
  &lt;parameter name=&quot;appURL&quot; value=&quot;http://opensource.demo.orangehrmlive.com/&quot;/&gt;
  &lt;parameter name=&quot;browsername&quot; value=&quot;chrome&quot;/&gt;
  &lt;parameter name=&quot;browserversion&quot; value=&quot;66&quot;/&gt;
  &lt;parameter name=&quot;platform&quot; value=&quot;windows&quot;/&gt;
  &lt;listeners&gt;
    &lt;listener class-name=&quot;org.uncommons.reportng.HTMLReporter&quot;/&gt;
    &lt;listener class-name=&quot;org.uncommons.reportng.JUnitXMLReporter&quot;/&gt;
  &lt;/listeners&gt;
  &lt;test thread-count=&quot;5&quot; verbose=&quot;2&quot; name=&quot;chrome&quot; parallel=&quot;methods&quot;&gt;
    &lt;method-selectors&gt;
      &lt;method-selector&gt;
        &lt;script language=&quot;beanshell&quot;&gt;
          &lt;![CDATA[
         			groups.containsKey(&quot;Regression&quot;)
       			]]&gt;
        &lt;/script&gt;
      &lt;/method-selector&gt;
    &lt;/method-selectors&gt;
    &lt;packages&gt;
      &lt;package name=&quot;com.maventest.*&quot;/&gt;
    &lt;/packages&gt;
    &lt;classes&gt;
      &lt;class name=&quot;com.maventest.mavens.CBT&quot;/&gt;
      &lt;class name=&quot;com.maventest.mavens.ExtentTestNGIReporterListener&quot;/&gt;
      &lt;class name=&quot;com.maventest.mavens.frameworkCore.AssertionType&quot;/&gt;
      &lt;class name=&quot;com.maventest.mavens.frameworkCore.BrowserInsatnce&quot;/&gt;
      &lt;class name=&quot;com.maventest.mavens.frameworkCore.FrameworkServices&quot;/&gt;
      &lt;class name=&quot;com.maventest.mavens.frameworkCore.PageElement&quot;/&gt;
      &lt;class name=&quot;com.maventest.mavens.frameworkCore.WaitType&quot;/&gt;
      &lt;class name=&quot;com.maventest.mavens.frameworkCore.WebDriverWrapper$1&quot;/&gt;
      &lt;class name=&quot;com.maventest.mavens.frameworkCore.WebDriverWrapper$2&quot;/&gt;
      &lt;class name=&quot;com.maventest.mavens.frameworkCore.WebDriverWrapper$3&quot;/&gt;
      &lt;class name=&quot;com.maventest.mavens.frameworkCore.WebDriverWrapper&quot;/&gt;
      &lt;class name=&quot;com.maventest.mavens.TestCase1&quot;/&gt;
      &lt;class name=&quot;com.maventest.mavens.TestCase2&quot;/&gt;
      &lt;class name=&quot;com.maventest.mavens.TestCase3&quot;/&gt;
      &lt;class name=&quot;com.maventest.mavens.TestCase4&quot;/&gt;
    &lt;/classes&gt;
  &lt;/test&gt; &lt;!-- chrome --&gt;
&lt;/suite&gt; &lt;!-- Suite --&gt;
            </pre>
          </div> <!-- main-panel-content rounded-window-bottom -->
        </div> <!-- panel -->
        <div panel-name="testlist-Suite" class="panel">
          <div class="main-panel-header rounded-window-top">
            <span class="header-content">Tests for Suite</span>
          </div> <!-- main-panel-header rounded-window-top -->
          <div class="main-panel-content rounded-window-bottom">
            <ul>
              <li>
                <span class="test-name">chrome (15 classes)</span>
              </li>
            </ul>
          </div> <!-- main-panel-content rounded-window-bottom -->
        </div> <!-- panel -->
        <div panel-name="group-Suite" class="panel">
          <div class="main-panel-header rounded-window-top">
            <span class="header-content">Groups for Suite</span>
          </div> <!-- main-panel-header rounded-window-top -->
          <div class="main-panel-content rounded-window-bottom">
            <div class="test-group">
              <span class="test-group-name">Regression</span>
              <br/>
              <div class="method-in-group">
                <span class="method-in-group-name">testCase1</span>
                <br/>
              </div> <!-- method-in-group -->
              <div class="method-in-group">
                <span class="method-in-group-name">testCase2</span>
                <br/>
              </div> <!-- method-in-group -->
            </div> <!-- test-group -->
          </div> <!-- main-panel-content rounded-window-bottom -->
        </div> <!-- panel -->
        <div panel-name="times-Suite" class="panel">
          <div class="main-panel-header rounded-window-top">
            <span class="header-content">Times for Suite</span>
          </div> <!-- main-panel-header rounded-window-top -->
          <div class="main-panel-content rounded-window-bottom">
            <div class="times-div">
              <script type="text/javascript">
suiteTableInitFunctions.push('tableData_Suite');
function tableData_Suite() {
var data = new google.visualization.DataTable();
data.addColumn('number', 'Number');
data.addColumn('string', 'Method');
data.addColumn('string', 'Class');
data.addColumn('number', 'Time (ms)');
data.addRows(2);
data.setCell(0, 0, 0)
data.setCell(0, 1, 'testCase2')
data.setCell(0, 2, 'com.maventest.mavens.TestCase2')
data.setCell(0, 3, 16380);
data.setCell(1, 0, 1)
data.setCell(1, 1, 'testCase1')
data.setCell(1, 2, 'com.maventest.mavens.TestCase1')
data.setCell(1, 3, 15176);
window.suiteTableData['Suite']= { tableData: data, tableDiv: 'times-div-Suite'}
return data;
}
              </script>
              <span class="suite-total-time">Total running time: 31 seconds</span>
              <div id="times-div-Suite">
              </div> <!-- times-div-Suite -->
            </div> <!-- times-div -->
          </div> <!-- main-panel-content rounded-window-bottom -->
        </div> <!-- panel -->
        <div panel-name="reporter-Suite" class="panel">
          <div class="main-panel-header rounded-window-top">
            <span class="header-content">Reporter output for Suite</span>
          </div> <!-- main-panel-header rounded-window-top -->
          <div class="main-panel-content rounded-window-bottom">
            <div class="reporter-method-div">
              <span class="reporter-method-name">testCase1(chrome)</span>
              <div class="reporter-method-output-div">
                <span class="reporter-method-output"><B><Font Color = "black">Driver Launched :chrome </Font></B></span>
                <span class="reporter-method-output">Navigated tohttp://opensource.demo.orangehrmlive.com/</span>
                <span class="reporter-method-output"><B><Font Color = "black">UserName entered ::Admin </Font></B></span>
                <span class="reporter-method-output"><B><Font Color = "black">Password entered ::admin </Font></B></span>
                <span class="reporter-method-output"><B><Font Color = "black">Submit buttin Clicked </Font></B></span>
                <span class="reporter-method-output">-----------------------------------------------------------------------------------------------------------</span>
                <span class="reporter-method-output"><B><Font Color = "green">1.  Actual= Welcome Admin;  Expected= Welcome Admin ; PASSED </Font></B></span>
                <span class="reporter-method-output">-----------------------------------------------------------------------------------------------------------</span>
                <span class="reporter-method-output"><B><Font Color = "red">2.  Actual= OrangeHRM1;  Expected= OrangeHRM ; FAILED </Font></B></span>
                <span class="reporter-method-output"><B>TestCase Failed Due to:::java.lang.AssertionError: expected [OrangeHRM] but found [OrangeHRM1]</B></span>
                <span class="reporter-method-output"><br> <a target = "_blank" href="C:\Tosca\ScreenShot\OrangeHRM05_06_34PM09_May_2018.png"><img src="C:\Tosca\ScreenShot\OrangeHRM05_06_34PM09_May_2018.png" alt="ScreenShot Not Available" height="400" width="400"> </a></span>
                <span class="reporter-method-output"><B><Font Color = "black">TestCase Executed Successfully </Font></B></span>
              </div> <!-- reporter-method-output-div -->
            </div> <!-- reporter-method-div -->
            <div class="reporter-method-div">
              <span class="reporter-method-name">testCase2(chrome)</span>
              <div class="reporter-method-output-div">
                <span class="reporter-method-output"><B><Font Color = "black">Driver Launched :null </Font></B></span>
                <span class="reporter-method-output">Navigated tohttp://opensource.demo.orangehrmlive.com/</span>
                <span class="reporter-method-output"><B><Font Color = "black">UserName entered ::Admin </Font></B></span>
                <span class="reporter-method-output"><B><Font Color = "black">Password entered ::admin </Font></B></span>
                <span class="reporter-method-output"><B><Font Color = "black">Submit buttin Clicked </Font></B></span>
                <span class="reporter-method-output">Fetched text: Admin's organization of organization name</span>
                <span class="reporter-method-output">-----------------------------------------------------------------------------------------------------------</span>
                <span class="reporter-method-output"><B><Font Color = "red">3.  Actual= Admin's organization;  Expected= OrangeHRM (Pvt) Ltd ; FAILED </Font></B></span>
                <span class="reporter-method-output"><B>TestCase Failed Due to:::java.lang.AssertionError: expected [OrangeHRM (Pvt) Ltd] but found [Admin's organization]</B></span>
                <span class="reporter-method-output"><br> <a target = "_blank" href="C:\Tosca\ScreenShot\OrangeHRM05_06_35PM09_May_2018.png"><img src="C:\Tosca\ScreenShot\OrangeHRM05_06_35PM09_May_2018.png" alt="ScreenShot Not Available" height="400" width="400"> </a></span>
                <span class="reporter-method-output">Fetched text:  of organization tax ID</span>
                <span class="reporter-method-output">-----------------------------------------------------------------------------------------------------------</span>
                <span class="reporter-method-output"><B><Font Color = "red">4.  Actual= ;  Expected= 123456 ; FAILED </Font></B></span>
                <span class="reporter-method-output"><B>TestCase Failed Due to:::java.lang.AssertionError: expected [123456] but found []</B></span>
                <span class="reporter-method-output"><br> <a target = "_blank" href="C:\Tosca\ScreenShot\OrangeHRM05_06_35PM09_May_2018.png"><img src="C:\Tosca\ScreenShot\OrangeHRM05_06_35PM09_May_2018.png" alt="ScreenShot Not Available" height="400" width="400"> </a></span>
                <span class="reporter-method-output">-----------------------------------------------------------------------------------------------------------</span>
                <span class="reporter-method-output"><B><Font Color = "red">5.  Actual= ;  Expected= 32 ; FAILED </Font></B></span>
                <span class="reporter-method-output"><B>TestCase Failed Due to:::java.lang.AssertionError: expected [32] but found []</B></span>
                <span class="reporter-method-output"><br> <a target = "_blank" href="C:\Tosca\ScreenShot\OrangeHRM05_06_36PM09_May_2018.png"><img src="C:\Tosca\ScreenShot\OrangeHRM05_06_36PM09_May_2018.png" alt="ScreenShot Not Available" height="400" width="400"> </a></span>
                <span class="reporter-method-output">Fetched text: A23456 of organization registration number</span>
                <span class="reporter-method-output">-----------------------------------------------------------------------------------------------------------</span>
                <span class="reporter-method-output"><B><Font Color = "green">6.  Actual= A23456;  Expected= A23456 ; PASSED </Font></B></span>
                <span class="reporter-method-output">Fetched text: info@admin.com of organization email</span>
                <span class="reporter-method-output">-----------------------------------------------------------------------------------------------------------</span>
                <span class="reporter-method-output"><B><Font Color = "red">7.  Actual= info@admin.com;  Expected= info@orangehrm.com ; FAILED </Font></B></span>
                <span class="reporter-method-output"><B>TestCase Failed Due to:::java.lang.AssertionError: expected [info@orangehrm.com] but found [info@admin.com]</B></span>
                <span class="reporter-method-output"><br> <a target = "_blank" href="C:\Tosca\ScreenShot\OrangeHRM05_06_36PM09_May_2018.png"><img src="C:\Tosca\ScreenShot\OrangeHRM05_06_36PM09_May_2018.png" alt="ScreenShot Not Available" height="400" width="400"> </a></span>
                <span class="reporter-method-output">Fetched text: Cankarjeva 2 of organization Address</span>
                <span class="reporter-method-output">-----------------------------------------------------------------------------------------------------------</span>
                <span class="reporter-method-output"><B><Font Color = "red">8.  Actual= Cankarjeva 2;  Expected= 538 Teal Plaza ; FAILED </Font></B></span>
                <span class="reporter-method-output"><B>TestCase Failed Due to:::java.lang.AssertionError: expected [538 Teal Plaza] but found [Cankarjeva 2]</B></span>
                <span class="reporter-method-output"><br> <a target = "_blank" href="C:\Tosca\ScreenShot\OrangeHRM05_06_37PM09_May_2018.png"><img src="C:\Tosca\ScreenShot\OrangeHRM05_06_37PM09_May_2018.png" alt="ScreenShot Not Available" height="400" width="400"> </a></span>
                <span class="reporter-method-output">Fetched text: Novo Mesto of organization city</span>
                <span class="reporter-method-output">-----------------------------------------------------------------------------------------------------------</span>
                <span class="reporter-method-output"><B><Font Color = "red">9.  Actual= Novo Mesto;  Expected= Secaucus ; FAILED </Font></B></span>
                <span class="reporter-method-output"><B>TestCase Failed Due to:::java.lang.AssertionError: expected [Secaucus] but found [Novo Mesto]</B></span>
                <span class="reporter-method-output"><br> <a target = "_blank" href="C:\Tosca\ScreenShot\OrangeHRM05_06_37PM09_May_2018.png"><img src="C:\Tosca\ScreenShot\OrangeHRM05_06_37PM09_May_2018.png" alt="ScreenShot Not Available" height="400" width="400"> </a></span>
                <span class="reporter-method-output">Fetched text: US of organization country</span>
                <span class="reporter-method-output">-----------------------------------------------------------------------------------------------------------</span>
                <span class="reporter-method-output"><B><Font Color = "red">10.  Actual= US;  Expected= United states ; FAILED </Font></B></span>
                <span class="reporter-method-output"><B>TestCase Failed Due to:::java.lang.AssertionError: expected [United states] but found [US]</B></span>
                <span class="reporter-method-output"><br> <a target = "_blank" href="C:\Tosca\ScreenShot\OrangeHRM05_06_38PM09_May_2018.png"><img src="C:\Tosca\ScreenShot\OrangeHRM05_06_38PM09_May_2018.png" alt="ScreenShot Not Available" height="400" width="400"> </a></span>
                <span class="reporter-method-output"><B><Font Color = "black">TestCase Executed Successfully </Font></B></span>
              </div> <!-- reporter-method-output-div -->
            </div> <!-- reporter-method-div -->
          </div> <!-- main-panel-content rounded-window-bottom -->
        </div> <!-- panel -->
        <div panel-name="ignored-methods-Suite" class="panel">
          <div class="main-panel-header rounded-window-top">
            <span class="header-content">2 ignored methods</span>
          </div> <!-- main-panel-header rounded-window-top -->
          <div class="main-panel-content rounded-window-bottom">
            <div class="ignored-class-div">
              <span class="ignored-class-name">com.maventest.mavens.TestCase4</span>
              <div class="ignored-methods-div">
                <span class="ignored-method-name">testCase4</span>
                <br/>
              </div> <!-- ignored-methods-div -->
            </div> <!-- ignored-class-div -->
            <div class="ignored-class-div">
              <span class="ignored-class-name">com.maventest.mavens.CBT</span>
              <div class="ignored-methods-div">
                <span class="ignored-method-name">setup</span>
                <br/>
              </div> <!-- ignored-methods-div -->
            </div> <!-- ignored-class-div -->
          </div> <!-- main-panel-content rounded-window-bottom -->
        </div> <!-- panel -->
        <div panel-name="chronological-Suite" class="panel">
          <div class="main-panel-header rounded-window-top">
            <span class="header-content">Methods in chronological order</span>
          </div> <!-- main-panel-header rounded-window-top -->
          <div class="main-panel-content rounded-window-bottom">
            <div class="chronological-class">
              <div class="chronological-class-name">com.maventest.mavens.frameworkCore.WebDriverWrapper</div> <!-- chronological-class-name -->
              <div class="configuration-suite before">
                <span class="method-name">GenTestNGReport(org.testng.TestRunner@71b1176b)</span>
                <span class="method-start">0 ms</span>
              </div> <!-- configuration-suite before -->
            </div> <!-- chronological-class -->
            <div class="chronological-class">
              <div class="chronological-class-name">com.maventest.mavens.TestCase2</div> <!-- chronological-class-name -->
              <div class="test-method">
                <img src="failed.png">
                </img>
                <span class="method-name">testCase2(chrome)</span>
                <span class="method-start">34 ms</span>
              </div> <!-- test-method -->
            </div> <!-- chronological-class -->
            <div class="chronological-class">
              <div class="chronological-class-name">com.maventest.mavens.TestCase1</div> <!-- chronological-class-name -->
              <div class="test-method">
                <span class="method-name">testCase1(chrome)</span>
                <span class="method-start">35 ms</span>
              </div> <!-- test-method -->
            </div> <!-- chronological-class -->
            <div class="chronological-class">
              <div class="chronological-class-name">com.maventest.mavens.frameworkCore.WebDriverWrapper</div> <!-- chronological-class-name -->
              <div class="configuration-suite after">
                <span class="method-name">afterSuite</span>
                <span class="method-start">16447 ms</span>
              </div> <!-- configuration-suite after -->
          </div> <!-- main-panel-content rounded-window-bottom -->
        </div> <!-- panel -->
      </div> <!-- main-panel-root -->
    </div> <!-- wrapper -->
  </body>
</html>
